<?xml version="1.0" encoding="UTF-8"?>
<testng-results skipped="0" failed="0" ignored="0" total="2" passed="2">
  <reporter-output>
  </reporter-output>
  <suite name="Default suite" duration-ms="11848" started-at="2021-12-29T20:01:37 IST" finished-at="2021-12-29T20:01:49 IST">
    <groups>
    </groups>
    <test name="Default test" duration-ms="11848" started-at="2021-12-29T20:01:37 IST" finished-at="2021-12-29T20:01:49 IST">
      <class name="AutomationStepByStep.DataDriver">
        <test-method status="PASS" signature="test_1(java.lang.String,java.lang.String)[pri:1, instance:AutomationStepByStep.DataDriver@7cbd213e]" name="test_1" duration-ms="4802" started-at="2021-12-29T20:01:37 IST" data-provider="DataForPost" finished-at="2021-12-29T20:01:42 IST">
          <params>
            <param index="0">
              <value>
                <![CDATA[Akshay]]>
              </value>
            </param>
            <param index="1">
              <value>
                <![CDATA[Bhagat]]>
              </value>
            </param>
          </params>
          <reporter-output>
          </reporter-output>
        </test-method> <!-- test_1 -->
        <test-method status="PASS" signature="test_1(java.lang.String,java.lang.String)[pri:1, instance:AutomationStepByStep.DataDriver@7cbd213e]" name="test_1" duration-ms="6996" started-at="2021-12-29T20:01:42 IST" data-provider="DataForPost" finished-at="2021-12-29T20:01:49 IST">
          <params>
            <param index="0">
              <value>
                <![CDATA[Sanjay]]>
              </value>
            </param>
            <param index="1">
              <value>
                <![CDATA[Bhagat]]>
              </value>
            </param>
          </params>
          <reporter-output>
          </reporter-output>
        </test-method> <!-- test_1 -->
      </class> <!-- AutomationStepByStep.DataDriver -->
    </test> <!-- Default test -->
  </suite> <!-- Default suite -->
</testng-results>
